C:\Program Files (x86)\PascalABC.NET\LibSource
C:\Program Files (x86)\PascalABC.NET\Lib
C:\Program Files (x86)\PascalABC.NET\Highlighting
C:\Program Files (x86)\PascalABC.NET\PT4
C:\Program Files (x86)\PascalABC.NET\Ico
C:\Program Files (x86)\PascalABC.NET\Doc
C:\Program Files (x86)\PascalABC.NET\Uninstall.exe
C:\Program Files (x86)\PascalABC.NET\Compiler.dll
C:\Program Files (x86)\PascalABC.NET\CompilerTools.dll
C:\Program Files (x86)\PascalABC.NET\Errors.dll
C:\Program Files (x86)\PascalABC.NET\Localization.dll
C:\Program Files (x86)\PascalABC.NET\NETGenerator.dll
C:\Program Files (x86)\PascalABC.NET\ParserTools.dll
C:\Program Files (x86)\PascalABC.NET\SemanticTree.dll
C:\Program Files (x86)\PascalABC.NET\SyntaxTree.dll
C:\Program Files (x86)\PascalABC.NET\SyntaxTreeConverters.dll
C:\Program Files (x86)\PascalABC.NET\YieldHelpers.dll
C:\Program Files (x86)\PascalABC.NET\SyntaxVisitors.dll
C:\Program Files (x86)\PascalABC.NET\ICSharpCode.NRefactory.dll
C:\Program Files (x86)\PascalABC.NET\TreeConverter.dll
C:\Program Files (x86)\PascalABC.NET\OptimizerConversion.dll
C:\Program Files (x86)\PascalABC.NET\Mono.Cecil.dll
C:\Program Files (x86)\PascalABC.NET\License.txt
C:\Program Files (x86)\PascalABC.NET\copyright.txt
C:\Program Files (x86)\PascalABC.NET\pabcnetc.exe.config
C:\Program Files (x86)\PascalABC.NET\pabcnetcclear.exe.config
C:\Program Files (x86)\PascalABC.NET\PascalABCNET.exe.config
C:\Program Files (x86)\PascalABC.NET\Lib\__RedirectIOMode.pcu
C:\Program Files (x86)\PascalABC.NET\Lib\__RunMode.pcu
C:\Program Files (x86)\PascalABC.NET\Lib\ABCButtons.pcu
C:\Program Files (x86)\PascalABC.NET\Lib\ABCHouse.pcu
C:\Program Files (x86)\PascalABC.NET\Lib\ABCObjects.pcu
C:\Program Files (x86)\PascalABC.NET\Lib\ABCSprites.pcu
C:\Program Files (x86)\PascalABC.NET\Lib\Arrays.pcu
C:\Program Files (x86)\PascalABC.NET\Lib\BFSystem.pcu
C:\Program Files (x86)\PascalABC.NET\Lib\CRT.pcu
C:\Program Files (x86)\PascalABC.NET\Lib\DMCollect.pcu
C:\Program Files (x86)\PascalABC.NET\Lib\DMTaskMaker.pcu
C:\Program Files (x86)\PascalABC.NET\Lib\DMZadan.pcu
C:\Program Files (x86)\PascalABC.NET\Lib\Drawman.pcu
C:\Program Files (x86)\PascalABC.NET\Lib\DrawManField.pcu
C:\Program Files (x86)\PascalABC.NET\Lib\Events.pcu
C:\Program Files (x86)\PascalABC.NET\Lib\FilesOperations.pcu
C:\Program Files (x86)\PascalABC.NET\Lib\FormsABC.pcu
C:\Program Files (x86)\PascalABC.NET\Lib\GOLDParserEngine.pcu
C:\Program Files (x86)\PascalABC.NET\Lib\GraphABC.pcu
C:\Program Files (x86)\PascalABC.NET\Lib\NumLibABC.pcu
C:\Program Files (x86)\PascalABC.NET\Lib\GraphWPFBase.pcu
C:\Program Files (x86)\PascalABC.NET\Lib\GraphWPF.pcu
C:\Program Files (x86)\PascalABC.NET\Lib\Countries.pcu
C:\Program Files (x86)\PascalABC.NET\Lib\Graph3D.pcu
C:\Program Files (x86)\PascalABC.NET\Lib\GraphABCHelper.pcu
C:\Program Files (x86)\PascalABC.NET\Lib\IniFile.pcu
C:\Program Files (x86)\PascalABC.NET\Lib\PABCSystem.pcu
C:\Program Files (x86)\PascalABC.NET\Lib\PABCExtensions.pcu
C:\Program Files (x86)\PascalABC.NET\Lib\PointerTools.pcu
C:\Program Files (x86)\PascalABC.NET\Lib\PointRect.pcu
C:\Program Files (x86)\PascalABC.NET\Lib\PT4.pcu
C:\Program Files (x86)\PascalABC.NET\Lib\Robot.pcu
C:\Program Files (x86)\PascalABC.NET\Lib\RobotField.pcu
C:\Program Files (x86)\PascalABC.NET\Lib\RobotTaskMaker.pcu
C:\Program Files (x86)\PascalABC.NET\Lib\RobotZadan.pcu
C:\Program Files (x86)\PascalABC.NET\Lib\Sockets.pcu
C:\Program Files (x86)\PascalABC.NET\Lib\Timers.pcu
C:\Program Files (x86)\PascalABC.NET\Lib\Utils.pcu
C:\Program Files (x86)\PascalABC.NET\Lib\VCL.pcu
C:\Program Files (x86)\PascalABC.NET\Lib\PT4TaskMakerNET.pcu
C:\Program Files (x86)\PascalABC.NET\Lib\PT4Exam.pcu
C:\Program Files (x86)\PascalABC.NET\Lib\RBDMUtils.pcu
C:\Program Files (x86)\PascalABC.NET\Lib\Collections.pcu
C:\Program Files (x86)\PascalABC.NET\Lib\Core.pcu
C:\Program Files (x86)\PascalABC.NET\Lib\MPI.pcu
C:\Program Files (x86)\PascalABC.NET\Lib\ClientServer.pcu
C:\Program Files (x86)\PascalABC.NET\Lib\OpenGL.pcu
C:\Program Files (x86)\PascalABC.NET\Lib\PT4MakerNetX.pcu
C:\Program Files (x86)\PascalABC.NET\Lib\Speech.pcu
C:\Program Files (x86)\PascalABC.NET\Lib\Sounds.pcu
C:\Program Files (x86)\PascalABC.NET\Lib\PABCRtl.dll
C:\Program Files (x86)\PascalABC.NET\Lib\HelixToolkit.Wpf.dll
C:\Program Files (x86)\PascalABC.NET\Lib\HelixToolkit.dll
C:\Program Files (x86)\PascalABC.NET\Lib\PABCRtl.pdb
C:\Program Files (x86)\PascalABC.NET\Doc\NumLibABC.pdf
C:\Program Files (x86)\PascalABC.NET\LibSource\__RedirectIOMode.pas
C:\Program Files (x86)\PascalABC.NET\LibSource\__RunMode.pas
C:\Program Files (x86)\PascalABC.NET\LibSource\ABCButtons.pas
C:\Program Files (x86)\PascalABC.NET\LibSource\ABCHouse.pas
C:\Program Files (x86)\PascalABC.NET\LibSource\ABCObjects.pas
C:\Program Files (x86)\PascalABC.NET\LibSource\ABCSprites.pas
C:\Program Files (x86)\PascalABC.NET\LibSource\Arrays.pas
C:\Program Files (x86)\PascalABC.NET\LibSource\CRT.pas
C:\Program Files (x86)\PascalABC.NET\LibSource\DMCollect.pas
C:\Program Files (x86)\PascalABC.NET\LibSource\DMTaskMaker.pas
C:\Program Files (x86)\PascalABC.NET\LibSource\Drawman.pas
C:\Program Files (x86)\PascalABC.NET\LibSource\DrawManField.pas
C:\Program Files (x86)\PascalABC.NET\LibSource\Events.pas
C:\Program Files (x86)\PascalABC.NET\LibSource\FilesOperations.pas
C:\Program Files (x86)\PascalABC.NET\LibSource\FormsABC.pas
C:\Program Files (x86)\PascalABC.NET\LibSource\GraphABC.pas
C:\Program Files (x86)\PascalABC.NET\LibSource\NumLibABC.pas
C:\Program Files (x86)\PascalABC.NET\LibSource\GraphWPFBase.pas
C:\Program Files (x86)\PascalABC.NET\LibSource\GraphWPF.pas
C:\Program Files (x86)\PascalABC.NET\LibSource\Countries.pas
C:\Program Files (x86)\PascalABC.NET\LibSource\Graph3D.pas
C:\Program Files (x86)\PascalABC.NET\LibSource\GraphABCHelper.pas
C:\Program Files (x86)\PascalABC.NET\LibSource\IniFile.pas
C:\Program Files (x86)\PascalABC.NET\LibSource\PABCSystem.pas
C:\Program Files (x86)\PascalABC.NET\LibSource\PABCExtensions.pas
C:\Program Files (x86)\PascalABC.NET\LibSource\PointerTools.pas
C:\Program Files (x86)\PascalABC.NET\LibSource\PointRect.pas
C:\Program Files (x86)\PascalABC.NET\LibSource\PT4.pas
C:\Program Files (x86)\PascalABC.NET\LibSource\PT4Exam.pas
C:\Program Files (x86)\PascalABC.NET\LibSource\Robot.pas
C:\Program Files (x86)\PascalABC.NET\LibSource\RobotField.pas
C:\Program Files (x86)\PascalABC.NET\LibSource\RobotTaskMaker.pas
C:\Program Files (x86)\PascalABC.NET\LibSource\Sockets.pas
C:\Program Files (x86)\PascalABC.NET\LibSource\Timers.pas
C:\Program Files (x86)\PascalABC.NET\LibSource\Utils.pas
C:\Program Files (x86)\PascalABC.NET\LibSource\VCL.pas
C:\Program Files (x86)\PascalABC.NET\LibSource\PT4TaskMakerNET.pas
C:\Program Files (x86)\PascalABC.NET\LibSource\RBDMUtils.pas
C:\Program Files (x86)\PascalABC.NET\LibSource\Collections.pas
C:\Program Files (x86)\PascalABC.NET\LibSource\Core.pas
C:\Program Files (x86)\PascalABC.NET\LibSource\MPI.pas
C:\Program Files (x86)\PascalABC.NET\LibSource\ClientServer.pas
C:\Program Files (x86)\PascalABC.NET\LibSource\OpenGL.pas
C:\Program Files (x86)\PascalABC.NET\LibSource\PT4MakerNetX.pas
C:\Program Files (x86)\PascalABC.NET\LibSource\Speech.pas
C:\Program Files (x86)\PascalABC.NET\LibSource\Sounds.pas
C:\Program Files (x86)\PascalABC.NET\LibSource\__RedirectIOMode.vb
C:\Program Files (x86)\PascalABC.NET\LibSource\VBSystem.vb
C:\Program Files (x86)\PascalABC.NET\PascalABCParser.dll
C:\Program Files (x86)\PascalABC.NET\Highlighting\PascalABCNET.xshd
C:\Program Files (x86)\PascalABC.NET\Ico\pas.ico
C:\Program Files (x86)\PascalABC.NET\Ico\pabcproj.ico
C:\Program Files (x86)\PascalABC.NET\pabcnetc.exe
C:\Program Files (x86)\PascalABC.NET\pabcnetcclear.exe
C:\Program Files (x86)\PascalABC.NET\ICSharpCode.TextEditor.dll
C:\Program Files (x86)\PascalABC.NET\ICSharpCode.AvalonEdit.dll
C:\Program Files (x86)\PascalABC.NET\PluginsSupport.dll
C:\Program Files (x86)\PascalABC.NET\PascalABCNET.exe
C:\Program Files (x86)\PascalABC.NET\Debugger.Core.dll
C:\Program Files (x86)\PascalABC.NET\SharpDisasm.dll
C:\Program Files (x86)\PascalABC.NET\PascalABCNET.chm
C:\Program Files (x86)\PascalABC.NET\CodeCompletion.dll
C:\Program Files (x86)\PascalABC.NET\WeifenLuo.WinFormsUI.Docking.dll
C:\Program Files (x86)\PascalABC.NET\HelpExamples.ini
C:\Program Files (x86)\PascalABC.NET\template.pct
C:\Program Files (x86)\PascalABC.NET\samples.pct
C:\Program Files (x86)\PascalABC.NET\Pause.exe
C:\Program Files (x86)\PascalABC.NET\nuget.exe
C:\Program Files (x86)\PascalABC.NET\FormatterOptions.ini
C:\Program Files (x86)\PascalABC.NET\ProgrammRunner.exe
C:\Program Files (x86)\PascalABC.NET\ICSharpCode.SharpZipLib.dll
C:\Program Files (x86)\PascalABC.NET\InternalErrorReport.dll
C:\Program Files (x86)\PascalABC.NET\PT.ini
C:\Program Files (x86)\PascalABC.NET\Results.abc
C:\Program Files (x86)\PascalABC.NET\loadpabc.dat
C:\Program Files (x86)\PascalABC.NET\PT4Provider.dll
C:\Program Files (x86)\PascalABC.NET\Lib\regtasks.dat
C:\Program Files (x86)\PascalABC.NET\PT4\Results.abc
C:\Program Files (x86)\PascalABC.NET\PT4\_loadpabc.dat
C:\Program Files (x86)\PascalABC.NET\PT4\loadpabc.dat
C:\Program Files (x86)\PascalABC.NET\PT4\Examloadpabc.dat
C:\Program Files (x86)\PascalABC.NET\PT4\loadpabc_en.dat
C:\Program Files (x86)\PascalABC.NET\PT4\pt4pabc.dll
C:\Program Files (x86)\PascalABC.NET\PT4\PT4nld4p.dll
C:\Program Files (x86)\PascalABC.NET\PT4\PT4Demo.exe
C:\Program Files (x86)\PascalABC.NET\PT4\PT4Load.exe
C:\Program Files (x86)\PascalABC.NET\PT4\PT4Res.exe
C:\Program Files (x86)\PascalABC.NET\PT4\PT4Setup.exe
C:\Program Files (x86)\PascalABC.NET\PT4\PT.ini
C:\Program Files (x86)\PascalABC.NET\PT4\PT4Tasks.css
C:\Program Files (x86)\PascalABC.NET\PT4\license-en.txt
C:\Program Files (x86)\PascalABC.NET\PT4\license-ru.txt
C:\Program Files (x86)\PascalABC.NET\PT4\LinqBloadpabc.dat
C:\Program Files (x86)\PascalABC.NET\PT4\LinqOloadpabc.dat
C:\Program Files (x86)\PascalABC.NET\PT4\LinqXloadpabc.dat
C:\Program Files (x86)\PascalABC.NET\PT4\Lib\PT4ExamBegin_ru.dll
C:\Program Files (x86)\PascalABC.NET\PT4\Lib\PT4ExamTaskC_ru.dll
C:\Program Files (x86)\PascalABC.NET\PT4\Lib\PT-Ext.dll
C:\Program Files (x86)\PascalABC.NET\PT4\Lib\PT4ExamCheck_ru.dll
C:\Program Files (x86)\PascalABC.NET\PT4\Lib\PT4LinqBegin.dll
C:\Program Files (x86)\PascalABC.NET\PT4\Lib\PT4LinqObj.dll
C:\Program Files (x86)\PascalABC.NET\PT4\Lib\PT4LinqXml.dll
C:\Program Files (x86)\PascalABC.NET\PT4\Lib\PT4TMDemoAbc.dll
C:\Program Files (x86)\PascalABC.NET\PT4\Lib\PT4_.txt
C:\Program Files (x86)\PascalABC.NET\PT4\Lib\PT4_Exam.txt
C:\Program Files (x86)\PascalABC.NET\PT4\Lib\PT4_LinqB.txt
C:\Program Files (x86)\PascalABC.NET\PT4\Lib\PT4_LinqO.txt
C:\Program Files (x86)\PascalABC.NET\PT4\Lib\PT4_LinqX.txt
C:\Program Files (x86)\PascalABC.NET\PT4\Lib\PT4ExamBegin_ru.txt
C:\Program Files (x86)\PascalABC.NET\PT4\Lib\PT4ExamCheck_ru.txt
C:\Program Files (x86)\PascalABC.NET\PT4\Lib\PT4LinqBegin[PascalABC].txt
C:\Program Files (x86)\PascalABC.NET\PT4\Lib\PT4LinqObj[PascalABC].txt
C:\Program Files (x86)\PascalABC.NET\PT4\Lib\PT4LinqXml[PascalABC].txt
C:\Program Files (x86)\PascalABC.NET\PT4\Lib\PT4-CWA-1Begin.txt
C:\Program Files (x86)\PascalABC.NET\PT4\Lib\PT4-CWA-2Robot.txt
C:\Program Files (x86)\PascalABC.NET\PT4\Lib\PT4-CWA-4Assign.txt
C:\Program Files (x86)\PascalABC.NET\PT4\Lib\PT4-CWA-5For.txt
C:\Program Files (x86)\PascalABC.NET\PT4\Lib\PT4-XRB.txt
C:\Program Files (x86)\PascalABC.NET\PT4\Lib\PT4__.txt
C:\Program Files (x86)\PascalABC.NET\PT4Tools.dll
